actionid: tox
msg: packaging
cmdargs: ['/usr/local/opt/python@2/bin/python2.7', local('/Users/jmyshrall/Projects/ForkLyft/setup.py'), 'sdist', '--formats=zip', '--dist-dir', local('/Users/jmyshrall/Projects/ForkLyft/.tox/dist')]

running sdist
running egg_info
creating ForkLyft.egg-info
writing ForkLyft.egg-info/PKG-INFO
writing top-level names to ForkLyft.egg-info/top_level.txt
writing dependency_links to ForkLyft.egg-info/dependency_links.txt
writing entry points to ForkLyft.egg-info/entry_points.txt
writing manifest file 'ForkLyft.egg-info/SOURCES.txt'
reading manifest file 'ForkLyft.egg-info/SOURCES.txt'
reading manifest template 'MANIFEST.in'
warning: no files found matching '*' under directory 'data'
writing manifest file 'ForkLyft.egg-info/SOURCES.txt'
running check
warning: check: missing meta-data: if 'author' supplied, 'author_email' must be supplied too

creating ForkLyft-0.1.0
creating ForkLyft-0.1.0/ForkLyft.egg-info
creating ForkLyft-0.1.0/forklyft
copying files to ForkLyft-0.1.0...
copying LICENSE -> ForkLyft-0.1.0
copying MANIFEST.in -> ForkLyft-0.1.0
copying README.md -> ForkLyft-0.1.0
copying setup.cfg -> ForkLyft-0.1.0
copying setup.py -> ForkLyft-0.1.0
copying ForkLyft.egg-info/PKG-INFO -> ForkLyft-0.1.0/ForkLyft.egg-info
copying ForkLyft.egg-info/SOURCES.txt -> ForkLyft-0.1.0/ForkLyft.egg-info
copying ForkLyft.egg-info/dependency_links.txt -> ForkLyft-0.1.0/ForkLyft.egg-info
copying ForkLyft.egg-info/entry_points.txt -> ForkLyft-0.1.0/ForkLyft.egg-info
copying ForkLyft.egg-info/top_level.txt -> ForkLyft-0.1.0/ForkLyft.egg-info
copying forklyft/cli.py -> ForkLyft-0.1.0/forklyft
Writing ForkLyft-0.1.0/setup.cfg
creating '.tox/dist/ForkLyft-0.1.0.zip' and adding 'ForkLyft-0.1.0' to it
adding 'ForkLyft-0.1.0/PKG-INFO'
adding 'ForkLyft-0.1.0/LICENSE'
adding 'ForkLyft-0.1.0/MANIFEST.in'
adding 'ForkLyft-0.1.0/README.md'
adding 'ForkLyft-0.1.0/setup.py'
adding 'ForkLyft-0.1.0/setup.cfg'
adding 'ForkLyft-0.1.0/ForkLyft.egg-info/PKG-INFO'
adding 'ForkLyft-0.1.0/ForkLyft.egg-info/SOURCES.txt'
adding 'ForkLyft-0.1.0/ForkLyft.egg-info/entry_points.txt'
adding 'ForkLyft-0.1.0/ForkLyft.egg-info/top_level.txt'
adding 'ForkLyft-0.1.0/ForkLyft.egg-info/dependency_links.txt'
adding 'ForkLyft-0.1.0/forklyft/cli.py'
removing 'ForkLyft-0.1.0' (and everything under it)
