actionid: py36
msg: installpkg
cmdargs: ['/Users/jmyshrall/Projects/ForkLyft/.tox/py36/bin/python', '-m', 'pip', 'install', '-U', '--no-deps', '/Users/jmyshrall/Projects/ForkLyft/.tox/dist/ForkLyft-0.1.0.zip']

Processing ./.tox/dist/ForkLyft-0.1.0.zip
Building wheels for collected packages: ForkLyft
  Running setup.py bdist_wheel for ForkLyft: started
  Running setup.py bdist_wheel for ForkLyft: finished with status 'error'
  Complete output from command /Users/jmyshrall/Projects/ForkLyft/.tox/py36/bin/python -u -c "import setuptools, tokenize;__file__='/private/var/folders/zq/cr4xv4p55pxg7pqf8ht6yxnjyxl0lq/T/pip-req-build-kla_x1te/setup.py';f=getattr(tokenize, 'open', open)(__file__);code=f.read().replace('\r\n', '\n');f.close();exec(compile(code, __file__, 'exec'))" bdist_wheel -d /private/var/folders/zq/cr4xv4p55pxg7pqf8ht6yxnjyxl0lq/T/pip-wheel-5h1vb9gd --python-tag cp36:
  running bdist_wheel
  error: invalid truth value '0 # supports only version3'
  
  ----------------------------------------
  Failed building wheel for ForkLyft
  Running setup.py clean for ForkLyft
Failed to build ForkLyft
Installing collected packages: ForkLyft
  Found existing installation: ForkLyft 0.1.0
    Not uninstalling forklyft at /Users/jmyshrall/Projects/ForkLyft, outside environment /Users/jmyshrall/Projects/ForkLyft/.tox/py36/bin/..
    Can't uninstall 'ForkLyft'. No files were found to uninstall.
  Running setup.py install for ForkLyft: started
    Running setup.py install for ForkLyft: finished with status 'done'
Successfully installed ForkLyft-0.1.0
