actionid: py36
msg: installpkg
cmdargs: ['/Users/jmyshrall/Projects/ForkLyft/.tox/py36/bin/python', '-m', 'pip', 'install', '/Users/jmyshrall/Projects/ForkLyft/.tox/dist/CloudLift-0.1.0.zip']

Processing ./.tox/dist/CloudLift-0.1.0.zip
Building wheels for collected packages: CloudLift
  Running setup.py bdist_wheel for CloudLift: started
  Running setup.py bdist_wheel for CloudLift: finished with status 'error'
  Complete output from command /Users/jmyshrall/Projects/ForkLyft/.tox/py36/bin/python -u -c "import setuptools, tokenize;__file__='/private/var/folders/zq/cr4xv4p55pxg7pqf8ht6yxnjyxl0lq/T/pip-req-build-xnd3b4bz/setup.py';f=getattr(tokenize, 'open', open)(__file__);code=f.read().replace('\r\n', '\n');f.close();exec(compile(code, __file__, 'exec'))" bdist_wheel -d /private/var/folders/zq/cr4xv4p55pxg7pqf8ht6yxnjyxl0lq/T/pip-wheel-ti2ani2f --python-tag cp36:
  running bdist_wheel
  error: invalid truth value '0 # supports only version3'
  
  ----------------------------------------
  Failed building wheel for CloudLift
  Running setup.py clean for CloudLift
Failed to build CloudLift
Installing collected packages: CloudLift
  Found existing installation: CloudLift 0.1.0
    Not uninstalling cloudlift at /Users/jmyshrall/Projects/ForkLyft, outside environment /Users/jmyshrall/Projects/ForkLyft/.tox/py36/bin/..
    Can't uninstall 'CloudLift'. No files were found to uninstall.
  Running setup.py install for CloudLift: started
    Running setup.py install for CloudLift: finished with status 'done'
Successfully installed CloudLift-0.1.0
